{"C:\\Users\\NB01\\Documents\\MyProject\\React Native\\Task\\MyTodoApp\\src\\components\\DateTimePickerButton.js": {"path":"C:\\Users\\NB01\\Documents\\MyProject\\React Native\\Task\\MyTodoApp\\src\\components\\DateTimePickerButton.js","statementMap":{"0":{"start":{"line":7,"column":29},"end":{"line":63,"column":1}},"1":{"start":{"line":17,"column":8},"end":{"line":17,"column":13}},"2":{"start":{"line":19,"column":28},"end":{"line":19,"column":43}},"3":{"start":{"line":20,"column":48},"end":{"line":20,"column":78}},"4":{"start":{"line":22,"column":31},"end":{"line":24,"column":5}},"5":{"start":{"line":23,"column":8},"end":{"line":23,"column":22}},"6":{"start":{"line":26,"column":27},"end":{"line":31,"column":5}},"7":{"start":{"line":27,"column":28},"end":{"line":27,"column":62}},"8":{"start":{"line":28,"column":8},"end":{"line":28,"column":23}},"9":{"start":{"line":29,"column":8},"end":{"line":29,"column":39}},"10":{"start":{"line":30,"column":8},"end":{"line":30,"column":40}},"11":{"start":{"line":33,"column":29},"end":{"line":37,"column":5}},"12":{"start":{"line":39,"column":4},"end":{"line":62,"column":6}},"13":{"start":{"line":67,"column":15},"end":{"line":77,"column":2}}},"fnMap":{"0":{"name":"(anonymous_0)","decl":{"start":{"line":7,"column":29},"end":{"line":7,"column":30}},"loc":{"start":{"line":7,"column":40},"end":{"line":63,"column":1}},"line":7},"1":{"name":"(anonymous_1)","decl":{"start":{"line":22,"column":31},"end":{"line":22,"column":32}},"loc":{"start":{"line":22,"column":37},"end":{"line":24,"column":5}},"line":22},"2":{"name":"(anonymous_2)","decl":{"start":{"line":26,"column":27},"end":{"line":26,"column":28}},"loc":{"start":{"line":26,"column":56},"end":{"line":31,"column":5}},"line":26}},"branchMap":{"0":{"loc":{"start":{"line":27,"column":28},"end":{"line":27,"column":62}},"type":"binary-expr","locations":[{"start":{"line":27,"column":28},"end":{"line":27,"column":44}},{"start":{"line":27,"column":48},"end":{"line":27,"column":62}}],"line":27},"1":{"loc":{"start":{"line":34,"column":8},"end":{"line":36,"column":21}},"type":"cond-expr","locations":[{"start":{"line":35,"column":14},"end":{"line":35,"column":36}},{"start":{"line":36,"column":14},"end":{"line":36,"column":21}}],"line":34},"2":{"loc":{"start":{"line":43,"column":26},"end":{"line":43,"column":70}},"type":"cond-expr","locations":[{"start":{"line":43,"column":51},"end":{"line":43,"column":55}},{"start":{"line":43,"column":58},"end":{"line":43,"column":70}}],"line":43},"3":{"loc":{"start":{"line":48,"column":21},"end":{"line":48,"column":70}},"type":"cond-expr","locations":[{"start":{"line":48,"column":46},"end":{"line":48,"column":51}},{"start":{"line":48,"column":54},"end":{"line":48,"column":70}}],"line":48},"4":{"loc":{"start":{"line":50,"column":17},"end":{"line":59,"column":17}},"type":"binary-expr","locations":[{"start":{"line":50,"column":17},"end":{"line":50,"column":21}},{"start":{"line":51,"column":20},"end":{"line":58,"column":22}}],"line":50}},"s":{"0":2,"1":6,"2":6,"3":6,"4":6,"5":2,"6":6,"7":0,"8":0,"9":0,"10":0,"11":6,"12":6,"13":2},"f":{"0":6,"1":2,"2":0},"b":{"0":[0,0],"1":[4,2],"2":[6,0],"3":[6,0],"4":[6,2]},"_coverageSchema":"43e27e138ebf9cfc5966b082cf9a028302ed4184","hash":"63d8b295734afbaa4e09bc40f7512f76d28ac23e"}
,"C:\\Users\\NB01\\Documents\\MyProject\\React Native\\Task\\MyTodoApp\\src\\components\\ToastMessage.js": {"path":"C:\\Users\\NB01\\Documents\\MyProject\\React Native\\Task\\MyTodoApp\\src\\components\\ToastMessage.js","statementMap":{"0":{"start":{"line":1,"column":25},"end":{"line":1,"column":48}},"1":{"start":{"line":3,"column":32},"end":{"line":8,"column":1}},"2":{"start":{"line":4,"column":4},"end":{"line":7,"column":5}}},"fnMap":{"0":{"name":"(anonymous_0)","decl":{"start":{"line":3,"column":32},"end":{"line":3,"column":33}},"loc":{"start":{"line":3,"column":45},"end":{"line":8,"column":1}},"line":3}},"branchMap":{},"s":{"0":2,"1":2,"2":3},"f":{"0":3},"b":{},"_coverageSchema":"43e27e138ebf9cfc5966b082cf9a028302ed4184","hash":"8c5a94058272d55fd6f0961abb01104bc006388d"}
,"C:\\Users\\NB01\\Documents\\MyProject\\React Native\\Task\\MyTodoApp\\src\\screens\\AddTodoScreen.js": {"path":"C:\\Users\\NB01\\Documents\\MyProject\\React Native\\Task\\MyTodoApp\\src\\screens\\AddTodoScreen.js","statementMap":{"0":{"start":{"line":8,"column":22},"end":{"line":63,"column":1}},"1":{"start":{"line":17,"column":8},"end":{"line":17,"column":31}},"2":{"start":{"line":19,"column":25},"end":{"line":24,"column":5}},"3":{"start":{"line":20,"column":8},"end":{"line":20,"column":21}},"4":{"start":{"line":21,"column":8},"end":{"line":23,"column":9}},"5":{"start":{"line":22,"column":12},"end":{"line":22,"column":46}},"6":{"start":{"line":26,"column":4},"end":{"line":62,"column":6}},"7":{"start":{"line":67,"column":15},"end":{"line":78,"column":2}}},"fnMap":{"0":{"name":"(anonymous_0)","decl":{"start":{"line":8,"column":22},"end":{"line":8,"column":23}},"loc":{"start":{"line":8,"column":42},"end":{"line":63,"column":1}},"line":8},"1":{"name":"(anonymous_1)","decl":{"start":{"line":19,"column":25},"end":{"line":19,"column":26}},"loc":{"start":{"line":19,"column":31},"end":{"line":24,"column":5}},"line":19}},"branchMap":{"0":{"loc":{"start":{"line":21,"column":8},"end":{"line":23,"column":9}},"type":"if","locations":[{"start":{"line":21,"column":8},"end":{"line":23,"column":9}},{"start":{"line":21,"column":8},"end":{"line":23,"column":9}}],"line":21},"1":{"loc":{"start":{"line":21,"column":12},"end":{"line":21,"column":37}},"type":"binary-expr","locations":[{"start":{"line":21,"column":12},"end":{"line":21,"column":21}},{"start":{"line":21,"column":25},"end":{"line":21,"column":29}},{"start":{"line":21,"column":33},"end":{"line":21,"column":37}}],"line":21}},"s":{"0":2,"1":2,"2":2,"3":0,"4":0,"5":0,"6":2,"7":2},"f":{"0":2,"1":0},"b":{"0":[0,0],"1":[0,0,0]},"_coverageSchema":"43e27e138ebf9cfc5966b082cf9a028302ed4184","hash":"6f4b1270f83dfc57710e7065855855ce1d755871"}
,"C:\\Users\\NB01\\Documents\\MyProject\\React Native\\Task\\MyTodoApp\\src\\services\\TodoContext.js": {"path":"C:\\Users\\NB01\\Documents\\MyProject\\React Native\\Task\\MyTodoApp\\src\\services\\TodoContext.js","statementMap":{"0":{"start":{"line":7,"column":27},"end":{"line":7,"column":42}},"1":{"start":{"line":9,"column":28},"end":{"line":72,"column":1}},"2":{"start":{"line":10,"column":38},"end":{"line":10,"column":50}},"3":{"start":{"line":11,"column":28},"end":{"line":11,"column":40}},"4":{"start":{"line":12,"column":28},"end":{"line":12,"column":40}},"5":{"start":{"line":13,"column":36},"end":{"line":13,"column":48}},"6":{"start":{"line":14,"column":42},"end":{"line":14,"column":53}},"7":{"start":{"line":16,"column":23},"end":{"line":36,"column":5}},"8":{"start":{"line":17,"column":8},"end":{"line":35,"column":9}},"9":{"start":{"line":18,"column":12},"end":{"line":29,"column":15}},"10":{"start":{"line":31,"column":12},"end":{"line":31,"column":29}},"11":{"start":{"line":32,"column":12},"end":{"line":32,"column":24}},"12":{"start":{"line":33,"column":12},"end":{"line":33,"column":24}},"13":{"start":{"line":34,"column":12},"end":{"line":34,"column":31}},"14":{"start":{"line":38,"column":23},"end":{"line":44,"column":5}},"15":{"start":{"line":39,"column":8},"end":{"line":43,"column":10}},"16":{"start":{"line":41,"column":16},"end":{"line":41,"column":42}},"17":{"start":{"line":46,"column":4},"end":{"line":55,"column":19}},"18":{"start":{"line":47,"column":8},"end":{"line":50,"column":9}},"19":{"start":{"line":48,"column":12},"end":{"line":48,"column":56}},"20":{"start":{"line":49,"column":12},"end":{"line":49,"column":46}},"21":{"start":{"line":51,"column":8},"end":{"line":54,"column":9}},"22":{"start":{"line":52,"column":12},"end":{"line":52,"column":46}},"23":{"start":{"line":53,"column":12},"end":{"line":53,"column":46}},"24":{"start":{"line":57,"column":4},"end":{"line":71,"column":6}}},"fnMap":{"0":{"name":"(anonymous_0)","decl":{"start":{"line":9,"column":28},"end":{"line":9,"column":29}},"loc":{"start":{"line":9,"column":39},"end":{"line":72,"column":1}},"line":9},"1":{"name":"(anonymous_1)","decl":{"start":{"line":16,"column":23},"end":{"line":16,"column":24}},"loc":{"start":{"line":16,"column":29},"end":{"line":36,"column":5}},"line":16},"2":{"name":"(anonymous_2)","decl":{"start":{"line":38,"column":23},"end":{"line":38,"column":24}},"loc":{"start":{"line":38,"column":35},"end":{"line":44,"column":5}},"line":38},"3":{"name":"(anonymous_3)","decl":{"start":{"line":40,"column":28},"end":{"line":40,"column":29}},"loc":{"start":{"line":40,"column":38},"end":{"line":42,"column":13}},"line":40},"4":{"name":"(anonymous_4)","decl":{"start":{"line":46,"column":14},"end":{"line":46,"column":15}},"loc":{"start":{"line":46,"column":20},"end":{"line":55,"column":5}},"line":46}},"branchMap":{"0":{"loc":{"start":{"line":17,"column":8},"end":{"line":35,"column":9}},"type":"if","locations":[{"start":{"line":17,"column":8},"end":{"line":35,"column":9}},{"start":{"line":17,"column":8},"end":{"line":35,"column":9}}],"line":17},"1":{"loc":{"start":{"line":17,"column":12},"end":{"line":17,"column":37}},"type":"binary-expr","locations":[{"start":{"line":17,"column":12},"end":{"line":17,"column":21}},{"start":{"line":17,"column":25},"end":{"line":17,"column":29}},{"start":{"line":17,"column":33},"end":{"line":17,"column":37}}],"line":17},"2":{"loc":{"start":{"line":47,"column":8},"end":{"line":50,"column":9}},"type":"if","locations":[{"start":{"line":47,"column":8},"end":{"line":50,"column":9}},{"start":{"line":47,"column":8},"end":{"line":50,"column":9}}],"line":47},"3":{"loc":{"start":{"line":51,"column":8},"end":{"line":54,"column":9}},"type":"if","locations":[{"start":{"line":51,"column":8},"end":{"line":54,"column":9}},{"start":{"line":51,"column":8},"end":{"line":54,"column":9}}],"line":51}},"s":{"0":2,"1":2,"2":29,"3":29,"4":29,"5":29,"6":29,"7":29,"8":5,"9":2,"10":2,"11":2,"12":2,"13":2,"14":29,"15":1,"16":1,"17":29,"18":11,"19":2,"20":2,"21":11,"22":1,"23":1,"24":29},"f":{"0":29,"1":5,"2":1,"3":1,"4":11},"b":{"0":[2,3],"1":[5,4,2],"2":[2,9],"3":[1,10]},"_coverageSchema":"43e27e138ebf9cfc5966b082cf9a028302ed4184","hash":"bbfbe2d9567a59cf72978a96d98feb97acd13389"}
,"C:\\Users\\NB01\\Documents\\MyProject\\React Native\\Task\\MyTodoApp\\src\\utils\\AppConst.js": {"path":"C:\\Users\\NB01\\Documents\\MyProject\\React Native\\Task\\MyTodoApp\\src\\utils\\AppConst.js","statementMap":{"0":{"start":{"line":1,"column":25},"end":{"line":7,"column":1}}},"fnMap":{},"branchMap":{},"s":{"0":2},"f":{},"b":{},"_coverageSchema":"43e27e138ebf9cfc5966b082cf9a028302ed4184","hash":"3d99c595d05395dfd29bf35996cd0b51a1367bea"}
,"C:\\Users\\NB01\\Documents\\MyProject\\React Native\\Task\\MyTodoApp\\src\\utils\\GenerateRandomColor.js": {"path":"C:\\Users\\NB01\\Documents\\MyProject\\React Native\\Task\\MyTodoApp\\src\\utils\\GenerateRandomColor.js","statementMap":{"0":{"start":{"line":3,"column":27},"end":{"line":13,"column":1}},"1":{"start":{"line":4,"column":19},"end":{"line":9,"column":5}},"2":{"start":{"line":10,"column":24},"end":{"line":10,"column":57}},"3":{"start":{"line":12,"column":4},"end":{"line":12,"column":31}}},"fnMap":{"0":{"name":"(anonymous_0)","decl":{"start":{"line":3,"column":27},"end":{"line":3,"column":28}},"loc":{"start":{"line":3,"column":33},"end":{"line":13,"column":1}},"line":3}},"branchMap":{},"s":{"0":2,"1":2,"2":2,"3":2},"f":{"0":2},"b":{},"_coverageSchema":"43e27e138ebf9cfc5966b082cf9a028302ed4184","hash":"29f418fca03a9267e248d1b4ad07f918cce786f0"}
}
