TN:
SF:C:\Users\NB01\Documents\MyProject\React Native\Task\MyTodoApp\src\components\DateTimePickerButton.js
FN:7,(anonymous_0)
FN:22,(anonymous_1)
FN:26,(anonymous_2)
FNF:3
FNH:2
FNDA:6,(anonymous_0)
FNDA:2,(anonymous_1)
FNDA:0,(anonymous_2)
DA:7,2
DA:17,6
DA:19,6
DA:20,6
DA:22,6
DA:23,2
DA:26,6
DA:27,0
DA:28,0
DA:29,0
DA:30,0
DA:33,6
DA:39,6
DA:67,2
LF:14
LH:10
BRDA:27,0,0,0
BRDA:27,0,1,0
BRDA:34,1,0,4
BRDA:34,1,1,2
BRDA:43,2,0,6
BRDA:43,2,1,0
BRDA:48,3,0,6
BRDA:48,3,1,0
BRDA:50,4,0,6
BRDA:50,4,1,2
BRF:10
BRH:6
end_of_record
TN:
SF:C:\Users\NB01\Documents\MyProject\React Native\Task\MyTodoApp\src\components\ToastMessage.js
FN:3,(anonymous_0)
FNF:1
FNH:1
FNDA:3,(anonymous_0)
DA:1,2
DA:3,2
DA:4,3
LF:3
LH:3
BRF:0
BRH:0
end_of_record
TN:
SF:C:\Users\NB01\Documents\MyProject\React Native\Task\MyTodoApp\src\screens\AddTodoScreen.js
FN:8,(anonymous_0)
FN:19,(anonymous_1)
FNF:2
FNH:1
FNDA:2,(anonymous_0)
FNDA:0,(anonymous_1)
DA:8,2
DA:17,2
DA:19,2
DA:20,0
DA:21,0
DA:22,0
DA:26,2
DA:67,2
LF:8
LH:5
BRDA:21,0,0,0
BRDA:21,0,1,0
BRDA:21,1,0,0
BRDA:21,1,1,0
BRDA:21,1,2,0
BRF:5
BRH:0
end_of_record
TN:
SF:C:\Users\NB01\Documents\MyProject\React Native\Task\MyTodoApp\src\services\TodoContext.js
FN:9,(anonymous_0)
FN:16,(anonymous_1)
FN:38,(anonymous_2)
FN:40,(anonymous_3)
FN:46,(anonymous_4)
FNF:5
FNH:5
FNDA:29,(anonymous_0)
FNDA:5,(anonymous_1)
FNDA:1,(anonymous_2)
FNDA:1,(anonymous_3)
FNDA:11,(anonymous_4)
DA:7,2
DA:9,2
DA:10,29
DA:11,29
DA:12,29
DA:13,29
DA:14,29
DA:16,29
DA:17,5
DA:18,2
DA:31,2
DA:32,2
DA:33,2
DA:34,2
DA:38,29
DA:39,1
DA:41,1
DA:46,29
DA:47,11
DA:48,2
DA:49,2
DA:51,11
DA:52,1
DA:53,1
DA:57,29
LF:25
LH:25
BRDA:17,0,0,2
BRDA:17,0,1,3
BRDA:17,1,0,5
BRDA:17,1,1,4
BRDA:17,1,2,2
BRDA:47,2,0,2
BRDA:47,2,1,9
BRDA:51,3,0,1
BRDA:51,3,1,10
BRF:9
BRH:9
end_of_record
TN:
SF:C:\Users\NB01\Documents\MyProject\React Native\Task\MyTodoApp\src\utils\AppConst.js
FNF:0
FNH:0
DA:1,2
LF:1
LH:1
BRF:0
BRH:0
end_of_record
TN:
SF:C:\Users\NB01\Documents\MyProject\React Native\Task\MyTodoApp\src\utils\GenerateRandomColor.js
FN:3,(anonymous_0)
FNF:1
FNH:1
FNDA:2,(anonymous_0)
DA:3,2
DA:4,2
DA:10,2
DA:12,2
LF:4
LH:4
BRF:0
BRH:0
end_of_record
